<?xml version="1.0" encoding="UTF-8"?>
<testsuite name="hu.szecsenyi.konsolessh.model.ConnectionConfigTest" tests="14" skipped="0" failures="0" errors="0" timestamp="2026-03-15T15:33:54.557Z" hostname="home" time="0.019">
  <properties/>
  <testcase name="displayName returns user@host when both empty" classname="hu.szecsenyi.konsolessh.model.ConnectionConfigTest" time="0.012"/>
  <testcase name="two configs with same id and fields are equal" classname="hu.szecsenyi.konsolessh.model.ConnectionConfigTest" time="0.0"/>
  <testcase name="copy preserves id and overrides fields" classname="hu.szecsenyi.konsolessh.model.ConnectionConfigTest" time="0.0"/>
  <testcase name="displayName returns user@host when name is blank" classname="hu.szecsenyi.konsolessh.model.ConnectionConfigTest" time="0.0"/>
  <testcase name="displayName returns name when name is set" classname="hu.szecsenyi.konsolessh.model.ConnectionConfigTest" time="0.0"/>
  <testcase name="displayName returns user@host when name is whitespace only" classname="hu.szecsenyi.konsolessh.model.ConnectionConfigTest" time="0.0"/>
  <testcase name="default password and privateKey are empty strings" classname="hu.szecsenyi.konsolessh.model.ConnectionConfigTest" time="0.0"/>
  <testcase name="default port is 22" classname="hu.szecsenyi.konsolessh.model.ConnectionConfigTest" time="0.0"/>
  <testcase name="configs with different id are not equal" classname="hu.szecsenyi.konsolessh.model.ConnectionConfigTest" time="0.0"/>
  <testcase name="port 443 is accepted" classname="hu.szecsenyi.konsolessh.model.ConnectionConfigTest" time="0.0"/>
  <testcase name="default authType is PASSWORD" classname="hu.szecsenyi.konsolessh.model.ConnectionConfigTest" time="0.0"/>
  <testcase name="non-standard port is stored as-is" classname="hu.szecsenyi.konsolessh.model.ConnectionConfigTest" time="0.0"/>
  <testcase name="AuthType PRIVATE_KEY can be set" classname="hu.szecsenyi.konsolessh.model.ConnectionConfigTest" time="0.0"/>
  <testcase name="each instance gets unique id by default" classname="hu.szecsenyi.konsolessh.model.ConnectionConfigTest" time="0.0"/>
  <system-out><![CDATA[]]></system-out>
  <system-err><![CDATA[]]></system-err>
</testsuite>
