<?xml version="1.0" encoding="UTF-8"?>
<testsuite name="hu.szecsenyi.konsolessh.model.SavedConnectionsTest" tests="16" skipped="0" failures="0" errors="0" timestamp="2026-03-15T15:33:54.710Z" hostname="home" time="2.465">
  <properties/>
  <testcase name="save and load roundtrip preserves all fields" classname="hu.szecsenyi.konsolessh.model.SavedConnectionsTest" time="2.084"/>
  <testcase name="delete with non-existent id does not change list" classname="hu.szecsenyi.konsolessh.model.SavedConnectionsTest" time="0.033"/>
  <testcase name="load with empty JSON array returns empty list" classname="hu.szecsenyi.konsolessh.model.SavedConnectionsTest" time="0.033"/>
  <testcase name="private key auth type is preserved through roundtrip" classname="hu.szecsenyi.konsolessh.model.SavedConnectionsTest" time="0.028"/>
  <testcase name="load returns mutable list" classname="hu.szecsenyi.konsolessh.model.SavedConnectionsTest" time="0.026"/>
  <testcase name="saveOne update preserves position in list" classname="hu.szecsenyi.konsolessh.model.SavedConnectionsTest" time="0.032"/>
  <testcase name="saveOne updates existing config with same id" classname="hu.szecsenyi.konsolessh.model.SavedConnectionsTest" time="0.024"/>
  <testcase name="delete all items one by one results in empty list" classname="hu.szecsenyi.konsolessh.model.SavedConnectionsTest" time="0.035"/>
  <testcase name="saveOne adds new config when id not present" classname="hu.szecsenyi.konsolessh.model.SavedConnectionsTest" time="0.021"/>
  <testcase name="load with corrupted JSON returns empty list" classname="hu.szecsenyi.konsolessh.model.SavedConnectionsTest" time="0.022"/>
  <testcase name="save multiple configs and load all" classname="hu.szecsenyi.konsolessh.model.SavedConnectionsTest" time="0.02"/>
  <testcase name="delete removes item with matching id" classname="hu.szecsenyi.konsolessh.model.SavedConnectionsTest" time="0.02"/>
  <testcase name="load returns empty list when no data stored" classname="hu.szecsenyi.konsolessh.model.SavedConnectionsTest" time="0.02"/>
  <testcase name="saveOne appends when different ids" classname="hu.szecsenyi.konsolessh.model.SavedConnectionsTest" time="0.025"/>
  <testcase name="delete on empty list does not crash" classname="hu.szecsenyi.konsolessh.model.SavedConnectionsTest" time="0.021"/>
  <testcase name="save empty list clears stored data" classname="hu.szecsenyi.konsolessh.model.SavedConnectionsTest" time="0.021"/>
  <system-out><![CDATA[]]></system-out>
  <system-err><![CDATA[]]></system-err>
</testsuite>
